running egg_info
writing ../../build/fridge/fridge.egg-info/PKG-INFO
writing dependency_links to ../../build/fridge/fridge.egg-info/dependency_links.txt
writing entry points to ../../build/fridge/fridge.egg-info/entry_points.txt
writing requirements to ../../build/fridge/fridge.egg-info/requires.txt
writing top-level names to ../../build/fridge/fridge.egg-info/top_level.txt
reading manifest file '../../build/fridge/fridge.egg-info/SOURCES.txt'
adding license file 'LICENSE'
writing manifest file '../../build/fridge/fridge.egg-info/SOURCES.txt'
running build
running build_py
running install
running install_lib
running install_data
copying launch/parameters_launch.py -> /ros2_ws/install/fridge/share/fridge
running install_egg_info
removing '/ros2_ws/install/fridge/lib/python3.10/site-packages/fridge-0.0.0-py3.10.egg-info' (and everything under it)
Copying ../../build/fridge/fridge.egg-info to /ros2_ws/install/fridge/lib/python3.10/site-packages/fridge-0.0.0-py3.10.egg-info
running install_scripts
Installing listener script to /ros2_ws/install/fridge/lib/fridge
writing list of installed files to '/ros2_ws/build/fridge/install.log'
