[0.967s] Invoking command in '/ros2_ws/src/timer': PYTHONPATH=/ros2_ws/build/timer/prefix_override:/ros2_ws/install/timer/lib/python3.10/site-packages:${PYTHONPATH} /usr/bin/python3 -W ignore:setup.py install is deprecated setup.py egg_info --egg-base ../../build/timer build --build-base /ros2_ws/build/timer/build install --record /ros2_ws/build/timer/install.log --single-version-externally-managed install_data
[1.168s] running egg_info
[1.169s] writing ../../build/timer/timer.egg-info/PKG-INFO
[1.169s] writing dependency_links to ../../build/timer/timer.egg-info/dependency_links.txt
[1.169s] writing entry points to ../../build/timer/timer.egg-info/entry_points.txt
[1.169s] writing requirements to ../../build/timer/timer.egg-info/requires.txt
[1.170s] writing top-level names to ../../build/timer/timer.egg-info/top_level.txt
[1.171s] reading manifest file '../../build/timer/timer.egg-info/SOURCES.txt'
[1.171s] adding license file 'LICENSE'
[1.173s] writing manifest file '../../build/timer/timer.egg-info/SOURCES.txt'
[1.173s] running build
[1.173s] running build_py
[1.173s] running install
[1.173s] running install_lib
[1.176s] running install_data
[1.176s] copying launch/parameters_launch.py -> /ros2_ws/install/timer/share/timer
[1.176s] running install_egg_info
[1.178s] removing '/ros2_ws/install/timer/lib/python3.10/site-packages/timer-0.0.0-py3.10.egg-info' (and everything under it)
[1.179s] Copying ../../build/timer/timer.egg-info to /ros2_ws/install/timer/lib/python3.10/site-packages/timer-0.0.0-py3.10.egg-info
[1.180s] running install_scripts
[1.200s] Installing listener script to /ros2_ws/install/timer/lib/timer
[1.201s] writing list of installed files to '/ros2_ws/build/timer/install.log'
[1.242s] Invoked command in '/ros2_ws/src/timer' returned '0': PYTHONPATH=/ros2_ws/build/timer/prefix_override:/ros2_ws/install/timer/lib/python3.10/site-packages:${PYTHONPATH} /usr/bin/python3 -W ignore:setup.py install is deprecated setup.py egg_info --egg-base ../../build/timer build --build-base /ros2_ws/build/timer/build install --record /ros2_ws/build/timer/install.log --single-version-externally-managed install_data
