[1.392s] Invoking command in '/ros2_ws/src/timer': PYTHONPATH=/ros2_ws/build/timer/prefix_override:/ros2_ws/install/timer/lib/python3.10/site-packages:${PYTHONPATH} /usr/bin/python3 -W ignore:setup.py install is deprecated setup.py egg_info --egg-base ../../build/timer build --build-base /ros2_ws/build/timer/build install --record /ros2_ws/build/timer/install.log --single-version-externally-managed install_data
[1.829s] running egg_info
[1.830s] writing ../../build/timer/timer.egg-info/PKG-INFO
[1.830s] writing dependency_links to ../../build/timer/timer.egg-info/dependency_links.txt
[1.831s] writing entry points to ../../build/timer/timer.egg-info/entry_points.txt
[1.831s] writing requirements to ../../build/timer/timer.egg-info/requires.txt
[1.831s] writing top-level names to ../../build/timer/timer.egg-info/top_level.txt
[1.834s] reading manifest file '../../build/timer/timer.egg-info/SOURCES.txt'
[1.835s] adding license file 'LICENSE'
[1.837s] writing manifest file '../../build/timer/timer.egg-info/SOURCES.txt'
[1.837s] running build
[1.838s] running build_py
[1.838s] running install
[1.838s] running install_lib
[1.839s] running install_data
[1.839s] copying launch/parameters_launch.py -> /ros2_ws/install/timer/share/timer
[1.840s] running install_egg_info
[1.844s] removing '/ros2_ws/install/timer/lib/python3.10/site-packages/timer-0.0.0-py3.10.egg-info' (and everything under it)
[1.844s] Copying ../../build/timer/timer.egg-info to /ros2_ws/install/timer/lib/python3.10/site-packages/timer-0.0.0-py3.10.egg-info
[1.844s] running install_scripts
[1.887s] Installing listener script to /ros2_ws/install/timer/lib/timer
[1.887s] writing list of installed files to '/ros2_ws/build/timer/install.log'
[1.914s] Invoked command in '/ros2_ws/src/timer' returned '0': PYTHONPATH=/ros2_ws/build/timer/prefix_override:/ros2_ws/install/timer/lib/python3.10/site-packages:${PYTHONPATH} /usr/bin/python3 -W ignore:setup.py install is deprecated setup.py egg_info --egg-base ../../build/timer build --build-base /ros2_ws/build/timer/build install --record /ros2_ws/build/timer/install.log --single-version-externally-managed install_data
