[0.530s] Invoking command in '/ros2_ws/src/meta_node': PYTHONPATH=/ros2_ws/build/meta_node/prefix_override:/ros2_ws/install/meta_node/lib/python3.10/site-packages:${PYTHONPATH} /usr/bin/python3 -W ignore:setup.py install is deprecated setup.py egg_info --egg-base ../../build/meta_node build --build-base /ros2_ws/build/meta_node/build install --record /ros2_ws/build/meta_node/install.log --single-version-externally-managed install_data
[0.739s] running egg_info
[0.739s] writing ../../build/meta_node/meta_node.egg-info/PKG-INFO
[0.740s] writing dependency_links to ../../build/meta_node/meta_node.egg-info/dependency_links.txt
[0.740s] writing entry points to ../../build/meta_node/meta_node.egg-info/entry_points.txt
[0.740s] writing requirements to ../../build/meta_node/meta_node.egg-info/requires.txt
[0.740s] writing top-level names to ../../build/meta_node/meta_node.egg-info/top_level.txt
[0.742s] reading manifest file '../../build/meta_node/meta_node.egg-info/SOURCES.txt'
[0.743s] writing manifest file '../../build/meta_node/meta_node.egg-info/SOURCES.txt'
[0.743s] running build
[0.743s] running build_py
[0.743s] running install
[0.744s] running install_lib
[0.745s] running install_data
[0.745s] running install_egg_info
[0.747s] removing '/ros2_ws/install/meta_node/lib/python3.10/site-packages/meta_node-0.0.0-py3.10.egg-info' (and everything under it)
[0.748s] Copying ../../build/meta_node/meta_node.egg-info to /ros2_ws/install/meta_node/lib/python3.10/site-packages/meta_node-0.0.0-py3.10.egg-info
[0.749s] running install_scripts
[0.769s] Installing listener script to /ros2_ws/install/meta_node/lib/meta_node
[0.769s] Installing receiver script to /ros2_ws/install/meta_node/lib/meta_node
[0.769s] writing list of installed files to '/ros2_ws/build/meta_node/install.log'
[0.791s] Invoked command in '/ros2_ws/src/meta_node' returned '0': PYTHONPATH=/ros2_ws/build/meta_node/prefix_override:/ros2_ws/install/meta_node/lib/python3.10/site-packages:${PYTHONPATH} /usr/bin/python3 -W ignore:setup.py install is deprecated setup.py egg_info --egg-base ../../build/meta_node build --build-base /ros2_ws/build/meta_node/build install --record /ros2_ws/build/meta_node/install.log --single-version-externally-managed install_data
