running egg_info
writing ../../build/meta_node/meta_node.egg-info/PKG-INFO
writing dependency_links to ../../build/meta_node/meta_node.egg-info/dependency_links.txt
writing entry points to ../../build/meta_node/meta_node.egg-info/entry_points.txt
writing requirements to ../../build/meta_node/meta_node.egg-info/requires.txt
writing top-level names to ../../build/meta_node/meta_node.egg-info/top_level.txt
reading manifest file '../../build/meta_node/meta_node.egg-info/SOURCES.txt'
writing manifest file '../../build/meta_node/meta_node.egg-info/SOURCES.txt'
running build
running build_py
copying meta_node/other_node.py -> /ros2_ws/build/meta_node/build/lib/meta_node
running install
running install_lib
copying /ros2_ws/build/meta_node/build/lib/meta_node/other_node.py -> /ros2_ws/install/meta_node/lib/python3.10/site-packages/meta_node
byte-compiling /ros2_ws/install/meta_node/lib/python3.10/site-packages/meta_node/other_node.py to other_node.cpython-310.pyc
running install_data
running install_egg_info
removing '/ros2_ws/install/meta_node/lib/python3.10/site-packages/meta_node-0.0.0-py3.10.egg-info' (and everything under it)
Copying ../../build/meta_node/meta_node.egg-info to /ros2_ws/install/meta_node/lib/python3.10/site-packages/meta_node-0.0.0-py3.10.egg-info
running install_scripts
Installing listener script to /ros2_ws/install/meta_node/lib/meta_node
Installing receiver script to /ros2_ws/install/meta_node/lib/meta_node
writing list of installed files to '/ros2_ws/build/meta_node/install.log'
