[0.985s] Invoking command in '/ros2_ws/src/meta_node': PYTHONPATH=/ros2_ws/build/meta_node/prefix_override:/ros2_ws/install/meta_node/lib/python3.10/site-packages:${PYTHONPATH} /usr/bin/python3 -W ignore:setup.py install is deprecated setup.py egg_info --egg-base ../../build/meta_node build --build-base /ros2_ws/build/meta_node/build install --record /ros2_ws/build/meta_node/install.log --single-version-externally-managed install_data
[1.316s] running egg_info
[1.316s] writing ../../build/meta_node/meta_node.egg-info/PKG-INFO
[1.317s] writing dependency_links to ../../build/meta_node/meta_node.egg-info/dependency_links.txt
[1.317s] writing entry points to ../../build/meta_node/meta_node.egg-info/entry_points.txt
[1.317s] writing requirements to ../../build/meta_node/meta_node.egg-info/requires.txt
[1.318s] writing top-level names to ../../build/meta_node/meta_node.egg-info/top_level.txt
[1.321s] reading manifest file '../../build/meta_node/meta_node.egg-info/SOURCES.txt'
[1.346s] writing manifest file '../../build/meta_node/meta_node.egg-info/SOURCES.txt'
[1.346s] running build
[1.346s] running build_py
[1.346s] running install
[1.347s] running install_lib
[1.353s] running install_data
[1.356s] running install_egg_info
[1.362s] removing '/ros2_ws/install/meta_node/lib/python3.10/site-packages/meta_node-0.0.0-py3.10.egg-info' (and everything under it)
[1.363s] Copying ../../build/meta_node/meta_node.egg-info to /ros2_ws/install/meta_node/lib/python3.10/site-packages/meta_node-0.0.0-py3.10.egg-info
[1.365s] running install_scripts
[1.396s] Installing listener script to /ros2_ws/install/meta_node/lib/meta_node
[1.396s] Installing receiver script to /ros2_ws/install/meta_node/lib/meta_node
[1.396s] writing list of installed files to '/ros2_ws/build/meta_node/install.log'
[1.439s] Invoked command in '/ros2_ws/src/meta_node' returned '0': PYTHONPATH=/ros2_ws/build/meta_node/prefix_override:/ros2_ws/install/meta_node/lib/python3.10/site-packages:${PYTHONPATH} /usr/bin/python3 -W ignore:setup.py install is deprecated setup.py egg_info --egg-base ../../build/meta_node build --build-base /ros2_ws/build/meta_node/build install --record /ros2_ws/build/meta_node/install.log --single-version-externally-managed install_data
