[0.736s] Invoking command in '/ros2_ws/src/fridge': PYTHONPATH=/ros2_ws/build/fridge/prefix_override:/ros2_ws/install/fridge/lib/python3.10/site-packages:${PYTHONPATH} /usr/bin/python3 -W ignore:setup.py install is deprecated setup.py egg_info --egg-base ../../build/fridge build --build-base /ros2_ws/build/fridge/build install --record /ros2_ws/build/fridge/install.log --single-version-externally-managed install_data
[0.934s] running egg_info
[0.935s] writing ../../build/fridge/fridge.egg-info/PKG-INFO
[0.936s] writing dependency_links to ../../build/fridge/fridge.egg-info/dependency_links.txt
[0.936s] writing entry points to ../../build/fridge/fridge.egg-info/entry_points.txt
[0.936s] writing requirements to ../../build/fridge/fridge.egg-info/requires.txt
[0.936s] writing top-level names to ../../build/fridge/fridge.egg-info/top_level.txt
[0.938s] reading manifest file '../../build/fridge/fridge.egg-info/SOURCES.txt'
[0.938s] adding license file 'LICENSE'
[0.938s] writing manifest file '../../build/fridge/fridge.egg-info/SOURCES.txt'
[0.939s] running build
[0.939s] running build_py
[0.939s] copying fridge/main.py -> /ros2_ws/build/fridge/build/lib/fridge
[0.939s] running install
[0.939s] running install_lib
[0.940s] copying /ros2_ws/build/fridge/build/lib/fridge/main.py -> /ros2_ws/install/fridge/lib/python3.10/site-packages/fridge
[0.941s] byte-compiling /ros2_ws/install/fridge/lib/python3.10/site-packages/fridge/main.py to main.cpython-310.pyc
[0.941s] running install_data
[0.942s] running install_egg_info
[0.943s] removing '/ros2_ws/install/fridge/lib/python3.10/site-packages/fridge-0.0.0-py3.10.egg-info' (and everything under it)
[0.943s] Copying ../../build/fridge/fridge.egg-info to /ros2_ws/install/fridge/lib/python3.10/site-packages/fridge-0.0.0-py3.10.egg-info
[0.944s] running install_scripts
[0.964s] Installing listener script to /ros2_ws/install/fridge/lib/fridge
[0.964s] writing list of installed files to '/ros2_ws/build/fridge/install.log'
[1.001s] Invoked command in '/ros2_ws/src/fridge' returned '0': PYTHONPATH=/ros2_ws/build/fridge/prefix_override:/ros2_ws/install/fridge/lib/python3.10/site-packages:${PYTHONPATH} /usr/bin/python3 -W ignore:setup.py install is deprecated setup.py egg_info --egg-base ../../build/fridge build --build-base /ros2_ws/build/fridge/build install --record /ros2_ws/build/fridge/install.log --single-version-externally-managed install_data
