[0.764s] Invoking command in '/ros2_ws/src/fridge': PYTHONPATH=/ros2_ws/build/fridge/prefix_override:/ros2_ws/install/fridge/lib/python3.10/site-packages:${PYTHONPATH} /usr/bin/python3 -W ignore:setup.py install is deprecated setup.py egg_info --egg-base ../../build/fridge build --build-base /ros2_ws/build/fridge/build install --record /ros2_ws/build/fridge/install.log --single-version-externally-managed install_data
[0.965s] running egg_info
[0.966s] writing ../../build/fridge/fridge.egg-info/PKG-INFO
[0.966s] writing dependency_links to ../../build/fridge/fridge.egg-info/dependency_links.txt
[0.966s] writing entry points to ../../build/fridge/fridge.egg-info/entry_points.txt
[0.966s] writing requirements to ../../build/fridge/fridge.egg-info/requires.txt
[0.967s] writing top-level names to ../../build/fridge/fridge.egg-info/top_level.txt
[0.968s] reading manifest file '../../build/fridge/fridge.egg-info/SOURCES.txt'
[0.969s] adding license file 'LICENSE'
[0.969s] writing manifest file '../../build/fridge/fridge.egg-info/SOURCES.txt'
[0.970s] running build
[0.970s] running build_py
[0.970s] copying fridge/main.py -> /ros2_ws/build/fridge/build/lib/fridge
[0.970s] running install
[0.971s] running install_lib
[0.971s] copying /ros2_ws/build/fridge/build/lib/fridge/main.py -> /ros2_ws/install/fridge/lib/python3.10/site-packages/fridge
[0.972s] byte-compiling /ros2_ws/install/fridge/lib/python3.10/site-packages/fridge/main.py to main.cpython-310.pyc
[0.972s] running install_data
[0.973s] running install_egg_info
[0.974s] removing '/ros2_ws/install/fridge/lib/python3.10/site-packages/fridge-0.0.0-py3.10.egg-info' (and everything under it)
[0.974s] Copying ../../build/fridge/fridge.egg-info to /ros2_ws/install/fridge/lib/python3.10/site-packages/fridge-0.0.0-py3.10.egg-info
[0.975s] running install_scripts
[0.996s] Installing listener script to /ros2_ws/install/fridge/lib/fridge
[0.996s] writing list of installed files to '/ros2_ws/build/fridge/install.log'
[1.018s] Invoked command in '/ros2_ws/src/fridge' returned '0': PYTHONPATH=/ros2_ws/build/fridge/prefix_override:/ros2_ws/install/fridge/lib/python3.10/site-packages:${PYTHONPATH} /usr/bin/python3 -W ignore:setup.py install is deprecated setup.py egg_info --egg-base ../../build/fridge build --build-base /ros2_ws/build/fridge/build install --record /ros2_ws/build/fridge/install.log --single-version-externally-managed install_data
