running egg_info
creating ../../build/meta_node/meta_node.egg-info
writing ../../build/meta_node/meta_node.egg-info/PKG-INFO
writing dependency_links to ../../build/meta_node/meta_node.egg-info/dependency_links.txt
writing entry points to ../../build/meta_node/meta_node.egg-info/entry_points.txt
writing requirements to ../../build/meta_node/meta_node.egg-info/requires.txt
writing top-level names to ../../build/meta_node/meta_node.egg-info/top_level.txt
writing manifest file '../../build/meta_node/meta_node.egg-info/SOURCES.txt'
reading manifest file '../../build/meta_node/meta_node.egg-info/SOURCES.txt'
writing manifest file '../../build/meta_node/meta_node.egg-info/SOURCES.txt'
running build
running build_py
creating /ros2_ws/build/meta_node/build
creating /ros2_ws/build/meta_node/build/lib
creating /ros2_ws/build/meta_node/build/lib/meta_node
copying meta_node/__init__.py -> /ros2_ws/build/meta_node/build/lib/meta_node
copying meta_node/my_node.py -> /ros2_ws/build/meta_node/build/lib/meta_node
running install
running install_lib
creating /ros2_ws/install/meta_node/lib/python3.10/site-packages/meta_node
copying /ros2_ws/build/meta_node/build/lib/meta_node/__init__.py -> /ros2_ws/install/meta_node/lib/python3.10/site-packages/meta_node
copying /ros2_ws/build/meta_node/build/lib/meta_node/my_node.py -> /ros2_ws/install/meta_node/lib/python3.10/site-packages/meta_node
byte-compiling /ros2_ws/install/meta_node/lib/python3.10/site-packages/meta_node/__init__.py to __init__.cpython-310.pyc
byte-compiling /ros2_ws/install/meta_node/lib/python3.10/site-packages/meta_node/my_node.py to my_node.cpython-310.pyc
running install_data
creating /ros2_ws/install/meta_node/share/ament_index
creating /ros2_ws/install/meta_node/share/ament_index/resource_index
creating /ros2_ws/install/meta_node/share/ament_index/resource_index/packages
copying resource/meta_node -> /ros2_ws/install/meta_node/share/ament_index/resource_index/packages
copying package.xml -> /ros2_ws/install/meta_node/share/meta_node
running install_egg_info
Copying ../../build/meta_node/meta_node.egg-info to /ros2_ws/install/meta_node/lib/python3.10/site-packages/meta_node-0.0.0-py3.10.egg-info
running install_scripts
Installing my_node script to /ros2_ws/install/meta_node/lib/meta_node
writing list of installed files to '/ros2_ws/build/meta_node/install.log'
