[0.953s] Invoking command in '/ros2_ws/src/timer': PYTHONPATH=/ros2_ws/build/timer/prefix_override:/ros2_ws/install/timer/lib/python3.10/site-packages:${PYTHONPATH} /usr/bin/python3 -W ignore:setup.py install is deprecated setup.py egg_info --egg-base ../../build/timer build --build-base /ros2_ws/build/timer/build install --record /ros2_ws/build/timer/install.log --single-version-externally-managed install_data
[1.162s] running egg_info
[1.163s] writing ../../build/timer/timer.egg-info/PKG-INFO
[1.163s] writing dependency_links to ../../build/timer/timer.egg-info/dependency_links.txt
[1.163s] writing entry points to ../../build/timer/timer.egg-info/entry_points.txt
[1.163s] writing requirements to ../../build/timer/timer.egg-info/requires.txt
[1.163s] writing top-level names to ../../build/timer/timer.egg-info/top_level.txt
[1.166s] reading manifest file '../../build/timer/timer.egg-info/SOURCES.txt'
[1.166s] adding license file 'LICENSE'
[1.167s] writing manifest file '../../build/timer/timer.egg-info/SOURCES.txt'
[1.168s] running build
[1.168s] running build_py
[1.168s] running install
[1.168s] running install_lib
[1.170s] running install_data
[1.170s] running install_egg_info
[1.172s] removing '/ros2_ws/install/timer/lib/python3.10/site-packages/timer-0.0.0-py3.10.egg-info' (and everything under it)
[1.172s] Copying ../../build/timer/timer.egg-info to /ros2_ws/install/timer/lib/python3.10/site-packages/timer-0.0.0-py3.10.egg-info
[1.174s] running install_scripts
[1.195s] Installing listener script to /ros2_ws/install/timer/lib/timer
[1.196s] writing list of installed files to '/ros2_ws/build/timer/install.log'
[1.226s] Invoked command in '/ros2_ws/src/timer' returned '0': PYTHONPATH=/ros2_ws/build/timer/prefix_override:/ros2_ws/install/timer/lib/python3.10/site-packages:${PYTHONPATH} /usr/bin/python3 -W ignore:setup.py install is deprecated setup.py egg_info --egg-base ../../build/timer build --build-base /ros2_ws/build/timer/build install --record /ros2_ws/build/timer/install.log --single-version-externally-managed install_data
