[1.006s] Invoking command in '/ros2_ws/src/meta_node': PYTHONPATH=/ros2_ws/build/meta_node/prefix_override:/ros2_ws/install/meta_node/lib/python3.10/site-packages:${PYTHONPATH} /usr/bin/python3 -W ignore:setup.py install is deprecated setup.py egg_info --egg-base ../../build/meta_node build --build-base /ros2_ws/build/meta_node/build install --record /ros2_ws/build/meta_node/install.log --single-version-externally-managed install_data
[1.260s] running egg_info
[1.260s] writing ../../build/meta_node/meta_node.egg-info/PKG-INFO
[1.261s] writing dependency_links to ../../build/meta_node/meta_node.egg-info/dependency_links.txt
[1.261s] writing entry points to ../../build/meta_node/meta_node.egg-info/entry_points.txt
[1.261s] writing requirements to ../../build/meta_node/meta_node.egg-info/requires.txt
[1.262s] writing top-level names to ../../build/meta_node/meta_node.egg-info/top_level.txt
[1.263s] reading manifest file '../../build/meta_node/meta_node.egg-info/SOURCES.txt'
[1.264s] writing manifest file '../../build/meta_node/meta_node.egg-info/SOURCES.txt'
[1.264s] running build
[1.264s] running build_py
[1.264s] copying meta_node/my_node.py -> /ros2_ws/build/meta_node/build/lib/meta_node
[1.264s] running install
[1.265s] running install_lib
[1.265s] copying /ros2_ws/build/meta_node/build/lib/meta_node/my_node.py -> /ros2_ws/install/meta_node/lib/python3.10/site-packages/meta_node
[1.266s] byte-compiling /ros2_ws/install/meta_node/lib/python3.10/site-packages/meta_node/my_node.py to my_node.cpython-310.pyc
[1.267s] running install_data
[1.267s] copying launch/parameters_launch.py -> /ros2_ws/install/meta_node/share/meta_node
[1.268s] running install_egg_info
[1.269s] removing '/ros2_ws/install/meta_node/lib/python3.10/site-packages/meta_node-0.0.0-py3.10.egg-info' (and everything under it)
[1.270s] Copying ../../build/meta_node/meta_node.egg-info to /ros2_ws/install/meta_node/lib/python3.10/site-packages/meta_node-0.0.0-py3.10.egg-info
[1.271s] running install_scripts
[1.291s] Installing listener script to /ros2_ws/install/meta_node/lib/meta_node
[1.292s] writing list of installed files to '/ros2_ws/build/meta_node/install.log'
[1.325s] Invoked command in '/ros2_ws/src/meta_node' returned '0': PYTHONPATH=/ros2_ws/build/meta_node/prefix_override:/ros2_ws/install/meta_node/lib/python3.10/site-packages:${PYTHONPATH} /usr/bin/python3 -W ignore:setup.py install is deprecated setup.py egg_info --egg-base ../../build/meta_node build --build-base /ros2_ws/build/meta_node/build install --record /ros2_ws/build/meta_node/install.log --single-version-externally-managed install_data
