[1.016s] Invoking command in '/ros2_ws/src/fridge': PYTHONPATH=/ros2_ws/build/fridge/prefix_override:/ros2_ws/install/fridge/lib/python3.10/site-packages:${PYTHONPATH} /usr/bin/python3 -W ignore:setup.py install is deprecated setup.py egg_info --egg-base ../../build/fridge build --build-base /ros2_ws/build/fridge/build install --record /ros2_ws/build/fridge/install.log --single-version-externally-managed install_data
[1.256s] running egg_info
[1.257s] writing ../../build/fridge/fridge.egg-info/PKG-INFO
[1.257s] writing dependency_links to ../../build/fridge/fridge.egg-info/dependency_links.txt
[1.257s] writing entry points to ../../build/fridge/fridge.egg-info/entry_points.txt
[1.257s] writing requirements to ../../build/fridge/fridge.egg-info/requires.txt
[1.257s] writing top-level names to ../../build/fridge/fridge.egg-info/top_level.txt
[1.259s] reading manifest file '../../build/fridge/fridge.egg-info/SOURCES.txt'
[1.259s] adding license file 'LICENSE'
[1.260s] writing manifest file '../../build/fridge/fridge.egg-info/SOURCES.txt'
[1.260s] running build
[1.260s] running build_py
[1.261s] running install
[1.261s] running install_lib
[1.262s] running install_data
[1.263s] copying launch/parameters_launch.py -> /ros2_ws/install/fridge/share/fridge
[1.263s] running install_egg_info
[1.265s] removing '/ros2_ws/install/fridge/lib/python3.10/site-packages/fridge-0.0.0-py3.10.egg-info' (and everything under it)
[1.266s] Copying ../../build/fridge/fridge.egg-info to /ros2_ws/install/fridge/lib/python3.10/site-packages/fridge-0.0.0-py3.10.egg-info
[1.267s] running install_scripts
[1.289s] Installing listener script to /ros2_ws/install/fridge/lib/fridge
[1.289s] writing list of installed files to '/ros2_ws/build/fridge/install.log'
[1.315s] Invoked command in '/ros2_ws/src/fridge' returned '0': PYTHONPATH=/ros2_ws/build/fridge/prefix_override:/ros2_ws/install/fridge/lib/python3.10/site-packages:${PYTHONPATH} /usr/bin/python3 -W ignore:setup.py install is deprecated setup.py egg_info --egg-base ../../build/fridge build --build-base /ros2_ws/build/fridge/build install --record /ros2_ws/build/fridge/install.log --single-version-externally-managed install_data
