running egg_info
creating ../../build/fridge/fridge.egg-info
writing ../../build/fridge/fridge.egg-info/PKG-INFO
writing dependency_links to ../../build/fridge/fridge.egg-info/dependency_links.txt
writing entry points to ../../build/fridge/fridge.egg-info/entry_points.txt
writing requirements to ../../build/fridge/fridge.egg-info/requires.txt
writing top-level names to ../../build/fridge/fridge.egg-info/top_level.txt
writing manifest file '../../build/fridge/fridge.egg-info/SOURCES.txt'
reading manifest file '../../build/fridge/fridge.egg-info/SOURCES.txt'
adding license file 'LICENSE'
writing manifest file '../../build/fridge/fridge.egg-info/SOURCES.txt'
running build
running build_py
creating /ros2_ws/build/fridge/build
creating /ros2_ws/build/fridge/build/lib
creating /ros2_ws/build/fridge/build/lib/fridge
copying fridge/__init__.py -> /ros2_ws/build/fridge/build/lib/fridge
copying fridge/main.py -> /ros2_ws/build/fridge/build/lib/fridge
running install
running install_lib
creating /ros2_ws/install/fridge/lib/python3.10/site-packages/fridge
copying /ros2_ws/build/fridge/build/lib/fridge/__init__.py -> /ros2_ws/install/fridge/lib/python3.10/site-packages/fridge
copying /ros2_ws/build/fridge/build/lib/fridge/main.py -> /ros2_ws/install/fridge/lib/python3.10/site-packages/fridge
byte-compiling /ros2_ws/install/fridge/lib/python3.10/site-packages/fridge/__init__.py to __init__.cpython-310.pyc
byte-compiling /ros2_ws/install/fridge/lib/python3.10/site-packages/fridge/main.py to main.cpython-310.pyc
running install_data
creating /ros2_ws/install/fridge/share/ament_index
creating /ros2_ws/install/fridge/share/ament_index/resource_index
creating /ros2_ws/install/fridge/share/ament_index/resource_index/packages
copying resource/fridge -> /ros2_ws/install/fridge/share/ament_index/resource_index/packages
copying package.xml -> /ros2_ws/install/fridge/share/fridge
copying launch/parameters_launch.py -> /ros2_ws/install/fridge/share/fridge
running install_egg_info
Copying ../../build/fridge/fridge.egg-info to /ros2_ws/install/fridge/lib/python3.10/site-packages/fridge-0.0.0-py3.10.egg-info
running install_scripts
Installing listener script to /ros2_ws/install/fridge/lib/fridge
writing list of installed files to '/ros2_ws/build/fridge/install.log'
