[0.788s] Invoking command in '/ros2_ws/src/fridge': PYTHONPATH=/ros2_ws/build/fridge/prefix_override:/ros2_ws/install/fridge/lib/python3.10/site-packages:${PYTHONPATH} /usr/bin/python3 -W ignore:setup.py install is deprecated setup.py egg_info --egg-base ../../build/fridge build --build-base /ros2_ws/build/fridge/build install --record /ros2_ws/build/fridge/install.log --single-version-externally-managed install_data
[0.995s] running egg_info
[0.996s] creating ../../build/fridge/fridge.egg-info
[0.996s] writing ../../build/fridge/fridge.egg-info/PKG-INFO
[0.996s] writing dependency_links to ../../build/fridge/fridge.egg-info/dependency_links.txt
[0.996s] writing entry points to ../../build/fridge/fridge.egg-info/entry_points.txt
[0.997s] writing requirements to ../../build/fridge/fridge.egg-info/requires.txt
[0.997s] writing top-level names to ../../build/fridge/fridge.egg-info/top_level.txt
[0.997s] writing manifest file '../../build/fridge/fridge.egg-info/SOURCES.txt'
[0.998s] reading manifest file '../../build/fridge/fridge.egg-info/SOURCES.txt'
[0.998s] adding license file 'LICENSE'
[0.999s] writing manifest file '../../build/fridge/fridge.egg-info/SOURCES.txt'
[0.999s] running build
[0.999s] running build_py
[0.999s] creating /ros2_ws/build/fridge/build
[1.000s] creating /ros2_ws/build/fridge/build/lib
[1.000s] creating /ros2_ws/build/fridge/build/lib/fridge
[1.000s] copying fridge/__init__.py -> /ros2_ws/build/fridge/build/lib/fridge
[1.000s] copying fridge/main.py -> /ros2_ws/build/fridge/build/lib/fridge
[1.000s] running install
[1.000s] running install_lib
[1.001s] creating /ros2_ws/install/fridge/lib/python3.10/site-packages/fridge
[1.001s] copying /ros2_ws/build/fridge/build/lib/fridge/__init__.py -> /ros2_ws/install/fridge/lib/python3.10/site-packages/fridge
[1.001s] copying /ros2_ws/build/fridge/build/lib/fridge/main.py -> /ros2_ws/install/fridge/lib/python3.10/site-packages/fridge
[1.001s] byte-compiling /ros2_ws/install/fridge/lib/python3.10/site-packages/fridge/__init__.py to __init__.cpython-310.pyc
[1.002s] byte-compiling /ros2_ws/install/fridge/lib/python3.10/site-packages/fridge/main.py to main.cpython-310.pyc
[1.002s] running install_data
[1.002s] creating /ros2_ws/install/fridge/share/ament_index
[1.002s] creating /ros2_ws/install/fridge/share/ament_index/resource_index
[1.003s] creating /ros2_ws/install/fridge/share/ament_index/resource_index/packages
[1.003s] copying resource/fridge -> /ros2_ws/install/fridge/share/ament_index/resource_index/packages
[1.003s] copying package.xml -> /ros2_ws/install/fridge/share/fridge
[1.003s] copying launch/parameters_launch.py -> /ros2_ws/install/fridge/share/fridge
[1.003s] running install_egg_info
[1.005s] Copying ../../build/fridge/fridge.egg-info to /ros2_ws/install/fridge/lib/python3.10/site-packages/fridge-0.0.0-py3.10.egg-info
[1.006s] running install_scripts
[1.026s] Installing listener script to /ros2_ws/install/fridge/lib/fridge
[1.026s] writing list of installed files to '/ros2_ws/build/fridge/install.log'
[1.052s] Invoked command in '/ros2_ws/src/fridge' returned '0': PYTHONPATH=/ros2_ws/build/fridge/prefix_override:/ros2_ws/install/fridge/lib/python3.10/site-packages:${PYTHONPATH} /usr/bin/python3 -W ignore:setup.py install is deprecated setup.py egg_info --egg-base ../../build/fridge build --build-base /ros2_ws/build/fridge/build install --record /ros2_ws/build/fridge/install.log --single-version-externally-managed install_data
