running egg_info
writing ../../build/timer/timer.egg-info/PKG-INFO
writing dependency_links to ../../build/timer/timer.egg-info/dependency_links.txt
writing entry points to ../../build/timer/timer.egg-info/entry_points.txt
writing requirements to ../../build/timer/timer.egg-info/requires.txt
writing top-level names to ../../build/timer/timer.egg-info/top_level.txt
reading manifest file '../../build/timer/timer.egg-info/SOURCES.txt'
adding license file 'LICENSE'
writing manifest file '../../build/timer/timer.egg-info/SOURCES.txt'
running build
running build_py
copying timer/main.py -> /ros2_ws/build/timer/build/lib/timer
running install
running install_lib
copying /ros2_ws/build/timer/build/lib/timer/main.py -> /ros2_ws/install/timer/lib/python3.10/site-packages/timer
byte-compiling /ros2_ws/install/timer/lib/python3.10/site-packages/timer/main.py to main.cpython-310.pyc
running install_data
running install_egg_info
removing '/ros2_ws/install/timer/lib/python3.10/site-packages/timer-0.0.0-py3.10.egg-info' (and everything under it)
Copying ../../build/timer/timer.egg-info to /ros2_ws/install/timer/lib/python3.10/site-packages/timer-0.0.0-py3.10.egg-info
running install_scripts
Installing listener script to /ros2_ws/install/timer/lib/timer
writing list of installed files to '/ros2_ws/build/timer/install.log'
