[0.968s] Invoking command in '/ros2_ws/src/timer': PYTHONPATH=/ros2_ws/build/timer/prefix_override:/ros2_ws/install/timer/lib/python3.10/site-packages:${PYTHONPATH} /usr/bin/python3 -W ignore:setup.py install is deprecated setup.py egg_info --egg-base ../../build/timer build --build-base /ros2_ws/build/timer/build install --record /ros2_ws/build/timer/install.log --single-version-externally-managed install_data
[1.169s] running egg_info
[1.170s] writing ../../build/timer/timer.egg-info/PKG-INFO
[1.170s] writing dependency_links to ../../build/timer/timer.egg-info/dependency_links.txt
[1.170s] writing entry points to ../../build/timer/timer.egg-info/entry_points.txt
[1.171s] writing requirements to ../../build/timer/timer.egg-info/requires.txt
[1.171s] writing top-level names to ../../build/timer/timer.egg-info/top_level.txt
[1.173s] reading manifest file '../../build/timer/timer.egg-info/SOURCES.txt'
[1.175s] adding license file 'LICENSE'
[1.176s] writing manifest file '../../build/timer/timer.egg-info/SOURCES.txt'
[1.176s] running build
[1.176s] running build_py
[1.176s] copying timer/main.py -> /ros2_ws/build/timer/build/lib/timer
[1.176s] running install
[1.176s] running install_lib
[1.177s] copying /ros2_ws/build/timer/build/lib/timer/main.py -> /ros2_ws/install/timer/lib/python3.10/site-packages/timer
[1.178s] byte-compiling /ros2_ws/install/timer/lib/python3.10/site-packages/timer/main.py to main.cpython-310.pyc
[1.180s] running install_data
[1.180s] running install_egg_info
[1.182s] removing '/ros2_ws/install/timer/lib/python3.10/site-packages/timer-0.0.0-py3.10.egg-info' (and everything under it)
[1.183s] Copying ../../build/timer/timer.egg-info to /ros2_ws/install/timer/lib/python3.10/site-packages/timer-0.0.0-py3.10.egg-info
[1.184s] running install_scripts
[1.214s] Installing listener script to /ros2_ws/install/timer/lib/timer
[1.214s] writing list of installed files to '/ros2_ws/build/timer/install.log'
[1.251s] Invoked command in '/ros2_ws/src/timer' returned '0': PYTHONPATH=/ros2_ws/build/timer/prefix_override:/ros2_ws/install/timer/lib/python3.10/site-packages:${PYTHONPATH} /usr/bin/python3 -W ignore:setup.py install is deprecated setup.py egg_info --egg-base ../../build/timer build --build-base /ros2_ws/build/timer/build install --record /ros2_ws/build/timer/install.log --single-version-externally-managed install_data
