running egg_info
creating ../../build/timer/timer.egg-info
writing ../../build/timer/timer.egg-info/PKG-INFO
writing dependency_links to ../../build/timer/timer.egg-info/dependency_links.txt
writing entry points to ../../build/timer/timer.egg-info/entry_points.txt
writing requirements to ../../build/timer/timer.egg-info/requires.txt
writing top-level names to ../../build/timer/timer.egg-info/top_level.txt
writing manifest file '../../build/timer/timer.egg-info/SOURCES.txt'
reading manifest file '../../build/timer/timer.egg-info/SOURCES.txt'
adding license file 'LICENSE'
writing manifest file '../../build/timer/timer.egg-info/SOURCES.txt'
running build
running build_py
creating /ros2_ws/build/timer/build
creating /ros2_ws/build/timer/build/lib
creating /ros2_ws/build/timer/build/lib/timer
copying timer/__init__.py -> /ros2_ws/build/timer/build/lib/timer
copying timer/main.py -> /ros2_ws/build/timer/build/lib/timer
running install
running install_lib
creating /ros2_ws/install/timer/lib/python3.10/site-packages/timer
copying /ros2_ws/build/timer/build/lib/timer/__init__.py -> /ros2_ws/install/timer/lib/python3.10/site-packages/timer
copying /ros2_ws/build/timer/build/lib/timer/main.py -> /ros2_ws/install/timer/lib/python3.10/site-packages/timer
byte-compiling /ros2_ws/install/timer/lib/python3.10/site-packages/timer/__init__.py to __init__.cpython-310.pyc
byte-compiling /ros2_ws/install/timer/lib/python3.10/site-packages/timer/main.py to main.cpython-310.pyc
running install_data
creating /ros2_ws/install/timer/share/ament_index
creating /ros2_ws/install/timer/share/ament_index/resource_index
creating /ros2_ws/install/timer/share/ament_index/resource_index/packages
copying resource/timer -> /ros2_ws/install/timer/share/ament_index/resource_index/packages
copying package.xml -> /ros2_ws/install/timer/share/timer
running install_egg_info
Copying ../../build/timer/timer.egg-info to /ros2_ws/install/timer/lib/python3.10/site-packages/timer-0.0.0-py3.10.egg-info
running install_scripts
Installing listener script to /ros2_ws/install/timer/lib/timer
writing list of installed files to '/ros2_ws/build/timer/install.log'
