[0.531s] Invoking command in '/ros2_ws/src/meta_node': PYTHONPATH=/ros2_ws/build/meta_node/prefix_override:/ros2_ws/install/meta_node/lib/python3.10/site-packages:${PYTHONPATH} /usr/bin/python3 -W ignore:setup.py install is deprecated setup.py egg_info --egg-base ../../build/meta_node build --build-base /ros2_ws/build/meta_node/build install --record /ros2_ws/build/meta_node/install.log --single-version-externally-managed install_data
[0.726s] running egg_info
[0.727s] writing ../../build/meta_node/meta_node.egg-info/PKG-INFO
[0.727s] writing dependency_links to ../../build/meta_node/meta_node.egg-info/dependency_links.txt
[0.727s] writing entry points to ../../build/meta_node/meta_node.egg-info/entry_points.txt
[0.728s] writing requirements to ../../build/meta_node/meta_node.egg-info/requires.txt
[0.728s] writing top-level names to ../../build/meta_node/meta_node.egg-info/top_level.txt
[0.729s] reading manifest file '../../build/meta_node/meta_node.egg-info/SOURCES.txt'
[0.730s] writing manifest file '../../build/meta_node/meta_node.egg-info/SOURCES.txt'
[0.730s] running build
[0.730s] running build_py
[0.730s] copying meta_node/other_node.py -> /ros2_ws/build/meta_node/build/lib/meta_node
[0.731s] running install
[0.731s] running install_lib
[0.732s] copying /ros2_ws/build/meta_node/build/lib/meta_node/other_node.py -> /ros2_ws/install/meta_node/lib/python3.10/site-packages/meta_node
[0.732s] byte-compiling /ros2_ws/install/meta_node/lib/python3.10/site-packages/meta_node/other_node.py to other_node.cpython-310.pyc
[0.733s] running install_data
[0.733s] running install_egg_info
[0.735s] removing '/ros2_ws/install/meta_node/lib/python3.10/site-packages/meta_node-0.0.0-py3.10.egg-info' (and everything under it)
[0.736s] Copying ../../build/meta_node/meta_node.egg-info to /ros2_ws/install/meta_node/lib/python3.10/site-packages/meta_node-0.0.0-py3.10.egg-info
[0.736s] running install_scripts
[0.754s] Installing listener script to /ros2_ws/install/meta_node/lib/meta_node
[0.754s] Installing receiver script to /ros2_ws/install/meta_node/lib/meta_node
[0.754s] writing list of installed files to '/ros2_ws/build/meta_node/install.log'
[0.772s] Invoked command in '/ros2_ws/src/meta_node' returned '0': PYTHONPATH=/ros2_ws/build/meta_node/prefix_override:/ros2_ws/install/meta_node/lib/python3.10/site-packages:${PYTHONPATH} /usr/bin/python3 -W ignore:setup.py install is deprecated setup.py egg_info --egg-base ../../build/meta_node build --build-base /ros2_ws/build/meta_node/build install --record /ros2_ws/build/meta_node/install.log --single-version-externally-managed install_data
