[0.950s] Invoking command in '/ros2_ws/src/timer': PYTHONPATH=/ros2_ws/build/timer/prefix_override:/ros2_ws/install/timer/lib/python3.10/site-packages:${PYTHONPATH} /usr/bin/python3 -W ignore:setup.py install is deprecated setup.py egg_info --egg-base ../../build/timer build --build-base /ros2_ws/build/timer/build install --record /ros2_ws/build/timer/install.log --single-version-externally-managed install_data
[1.150s] running egg_info
[1.150s] writing ../../build/timer/timer.egg-info/PKG-INFO
[1.150s] writing dependency_links to ../../build/timer/timer.egg-info/dependency_links.txt
[1.151s] writing entry points to ../../build/timer/timer.egg-info/entry_points.txt
[1.151s] writing requirements to ../../build/timer/timer.egg-info/requires.txt
[1.151s] writing top-level names to ../../build/timer/timer.egg-info/top_level.txt
[1.152s] reading manifest file '../../build/timer/timer.egg-info/SOURCES.txt'
[1.153s] adding license file 'LICENSE'
[1.153s] writing manifest file '../../build/timer/timer.egg-info/SOURCES.txt'
[1.153s] running build
[1.153s] running build_py
[1.154s] running install
[1.154s] running install_lib
[1.155s] running install_data
[1.155s] copying launch/parameters_launch.py -> /ros2_ws/install/timer/share/timer
[1.155s] running install_egg_info
[1.157s] removing '/ros2_ws/install/timer/lib/python3.10/site-packages/timer-0.0.0-py3.10.egg-info' (and everything under it)
[1.157s] Copying ../../build/timer/timer.egg-info to /ros2_ws/install/timer/lib/python3.10/site-packages/timer-0.0.0-py3.10.egg-info
[1.158s] running install_scripts
[1.177s] Installing listener script to /ros2_ws/install/timer/lib/timer
[1.177s] writing list of installed files to '/ros2_ws/build/timer/install.log'
[1.212s] Invoked command in '/ros2_ws/src/timer' returned '0': PYTHONPATH=/ros2_ws/build/timer/prefix_override:/ros2_ws/install/timer/lib/python3.10/site-packages:${PYTHONPATH} /usr/bin/python3 -W ignore:setup.py install is deprecated setup.py egg_info --egg-base ../../build/timer build --build-base /ros2_ws/build/timer/build install --record /ros2_ws/build/timer/install.log --single-version-externally-managed install_data
